[2025-07-21 16:49:29] [INFO] Server starting with configuration:
[2025-07-21 16:49:29] [INFO]   - Port: 8888
[2025-07-21 16:49:29] [INFO]   - DocumentRoot: www
[2025-07-21 16:49:29] [INFO] Server listening on port 8888...
[2025-07-21 16:49:29] [INFO] Server is running...
[2025-07-21 16:55:58] [INFO] Server starting with configuration:
[2025-07-21 16:55:58] [INFO]   - Port: 8888
[2025-07-21 16:55:58] [INFO]   - DocumentRoot: www
[2025-07-21 16:55:58] [INFO] Server listening on port 8888...
[2025-07-21 16:55:58] [INFO] Server is running...
[2025-07-21 16:56:01] [INFO] Handling complete request: GET /
[2025-07-21 16:56:01] [INFO] Handling complete request: GET /css/style.css
[2025-07-21 16:56:01] [INFO] Handling complete request: GET /images/server.jpeg
[2025-07-21 16:56:01] [INFO] Handling complete request: GET /images/gopher.gif
[2025-07-21 16:56:01] [INFO] Handling complete request: GET /js/script.js
[2025-07-21 16:56:01] [INFO] Handling complete request: GET /favicon.ico
[2025-07-21 16:56:04] [INFO] Handling complete request: GET /me.html
[2025-07-21 16:56:04] [INFO] Handling complete request: GET /css/style.css
[2025-07-21 16:56:04] [INFO] Handling complete request: GET /js/me.js
[2025-07-21 16:56:04] [INFO] Handling complete request: GET /api/me
[2025-07-21 16:56:05] [INFO] Handling complete request: GET /index.html
[2025-07-21 16:56:05] [INFO] Handling complete request: GET /css/style.css
[2025-07-21 16:56:05] [INFO] Handling complete request: GET /images/server.jpeg
[2025-07-21 16:56:05] [INFO] Handling complete request: GET /images/gopher.gif
[2025-07-21 16:56:06] [INFO] Handling complete request: GET /js/script.js
[2025-07-21 16:56:07] [INFO] Handling complete request: GET /me.html
[2025-07-21 16:56:07] [INFO] Handling complete request: GET /css/style.css
[2025-07-21 16:56:07] [INFO] Handling complete request: GET /js/me.js
[2025-07-21 16:56:07] [INFO] Handling complete request: GET /login.html
[2025-07-21 16:56:07] [INFO] Handling complete request: GET /css/style.css
[2025-07-21 16:56:26] [INFO] Handling complete request: POST /api/login
[2025-07-21 16:56:26] [INFO] Login attempt: user=admin
[2025-07-21 16:56:33] [INFO] Handling complete request: GET /index.html
[2025-07-21 16:56:33] [INFO] Handling complete request: GET /css/style.css
[2025-07-21 16:56:33] [INFO] Handling complete request: GET /images/server.jpeg
[2025-07-21 16:56:33] [INFO] Handling complete request: GET /images/gopher.gif
[2025-07-21 16:56:33] [INFO] Handling complete request: GET /js/script.js
[2025-07-21 16:56:35] [INFO] Handling complete request: GET /me.html
[2025-07-21 16:56:35] [INFO] Handling complete request: GET /css/style.css
[2025-07-21 16:56:35] [INFO] Handling complete request: GET /js/me.js
[2025-07-21 16:56:35] [INFO] Handling complete request: GET /api/me
[2025-07-21 16:56:39] [INFO] Handling complete request: GET /me.html
[2025-07-21 16:56:39] [INFO] Handling complete request: GET /css/style.css
[2025-07-21 16:56:39] [INFO] Handling complete request: GET /js/me.js
[2025-07-21 16:56:39] [INFO] Handling complete request: GET /api/me
[2025-07-21 16:56:39] [INFO] Handling complete request: GET /favicon.ico
[2025-07-21 16:56:40] [INFO] Handling complete request: GET /me.html
[2025-07-21 16:56:40] [INFO] Handling complete request: GET /css/style.css
[2025-07-21 16:56:40] [INFO] Handling complete request: GET /js/me.js
[2025-07-21 16:56:40] [INFO] Handling complete request: GET /api/me
[2025-07-21 16:56:40] [INFO] Handling complete request: GET /favicon.ico
[2025-07-21 16:56:40] [INFO] Handling complete request: GET /me.html
[2025-07-21 16:56:40] [INFO] Handling complete request: GET /css/style.css
[2025-07-21 16:56:40] [INFO] Handling complete request: GET /js/me.js
[2025-07-21 16:56:40] [INFO] Handling complete request: GET /api/me
[2025-07-21 16:56:40] [INFO] Handling complete request: GET /favicon.ico
[2025-07-21 16:56:40] [INFO] Handling complete request: GET /me.html
[2025-07-21 16:56:40] [INFO] Handling complete request: GET /css/style.css
[2025-07-21 16:56:40] [INFO] Handling complete request: GET /js/me.js
[2025-07-21 16:56:40] [INFO] Handling complete request: GET /api/me
[2025-07-21 16:56:40] [INFO] Handling complete request: GET /favicon.ico
[2025-07-21 16:56:40] [INFO] Handling complete request: GET /me.html
[2025-07-21 16:56:40] [INFO] Handling complete request: GET /css/style.css
[2025-07-21 16:56:40] [INFO] Handling complete request: GET /js/me.js
[2025-07-21 16:56:40] [INFO] Handling complete request: GET /api/me
[2025-07-21 16:56:40] [INFO] Handling complete request: GET /favicon.ico
[2025-07-21 16:56:40] [INFO] Handling complete request: GET /me.html
[2025-07-21 16:56:40] [INFO] Handling complete request: GET /css/style.css
[2025-07-21 16:56:40] [INFO] Handling complete request: GET /js/me.js
[2025-07-21 16:56:40] [INFO] Handling complete request: GET /api/me
[2025-07-21 16:56:40] [INFO] Handling complete request: GET /favicon.ico
[2025-07-21 16:56:40] [INFO] Handling complete request: GET /me.html
[2025-07-21 16:56:40] [INFO] Handling complete request: GET /css/style.css
[2025-07-21 16:56:40] [INFO] Handling complete request: GET /js/me.js
[2025-07-21 16:56:41] [INFO] Handling complete request: GET /api/me
[2025-07-21 16:56:41] [INFO] Handling complete request: GET /favicon.ico
[2025-07-21 16:56:41] [INFO] Handling complete request: GET /me.html
[2025-07-21 16:56:41] [INFO] Handling complete request: GET /css/style.css
[2025-07-21 16:56:41] [INFO] Handling complete request: GET /js/me.js
[2025-07-21 16:56:41] [INFO] Handling complete request: GET /api/me
[2025-07-21 16:56:41] [INFO] Handling complete request: GET /favicon.ico
[2025-07-21 16:56:41] [INFO] Handling complete request: GET /me.html
[2025-07-21 16:56:41] [INFO] Handling complete request: GET /css/style.css
[2025-07-21 16:56:41] [INFO] Handling complete request: GET /js/me.js
[2025-07-21 16:56:41] [INFO] Handling complete request: GET /api/me
[2025-07-21 16:56:41] [INFO] Handling complete request: GET /favicon.ico
[2025-07-21 16:56:41] [INFO] Handling complete request: GET /me.html
[2025-07-21 16:56:41] [INFO] Handling complete request: GET /css/style.css
[2025-07-21 16:56:41] [INFO] Handling complete request: GET /js/me.js
[2025-07-21 16:56:41] [INFO] Handling complete request: GET /api/me
[2025-07-21 16:56:41] [INFO] Handling complete request: GET /favicon.ico
[2025-07-21 16:56:41] [INFO] Handling complete request: GET /me.html
[2025-07-21 16:56:41] [INFO] Handling complete request: GET /css/style.css
[2025-07-21 16:56:41] [INFO] Handling complete request: GET /js/me.js
[2025-07-21 16:56:41] [INFO] Handling complete request: GET /api/me
[2025-07-21 16:56:41] [INFO] Handling complete request: GET /favicon.ico
[2025-07-21 16:56:41] [INFO] Handling complete request: GET /me.html
[2025-07-21 16:56:41] [INFO] Handling complete request: GET /css/style.css
[2025-07-21 16:56:41] [INFO] Handling complete request: GET /js/me.js
[2025-07-21 16:56:41] [INFO] Handling complete request: GET /api/me
[2025-07-21 16:56:41] [INFO] Handling complete request: GET /favicon.ico
[2025-07-21 16:56:42] [INFO] Handling complete request: GET /me.html
[2025-07-21 16:56:42] [INFO] Handling complete request: GET /css/style.css
[2025-07-21 16:56:42] [INFO] Handling complete request: GET /js/me.js
[2025-07-21 16:56:42] [INFO] Handling complete request: GET /api/me
[2025-07-21 16:56:42] [INFO] Handling complete request: GET /favicon.ico
[2025-07-21 16:56:42] [INFO] Handling complete request: GET /me.html
[2025-07-21 16:56:42] [INFO] Handling complete request: GET /css/style.css
[2025-07-21 16:56:42] [INFO] Handling complete request: GET /js/me.js
[2025-07-21 16:56:42] [INFO] Handling complete request: GET /api/me
[2025-07-21 16:56:42] [INFO] Handling complete request: GET /favicon.ico
[2025-07-21 16:56:42] [INFO] Handling complete request: GET /me.html
[2025-07-21 16:56:42] [INFO] Handling complete request: GET /css/style.css
[2025-07-21 16:56:42] [INFO] Handling complete request: GET /js/me.js
[2025-07-21 16:56:42] [INFO] Handling complete request: GET /api/me
[2025-07-21 16:56:42] [INFO] Handling complete request: GET /favicon.ico
[2025-07-21 16:56:42] [INFO] Handling complete request: GET /me.html
[2025-07-21 16:56:42] [INFO] Handling complete request: GET /css/style.css
[2025-07-21 16:56:42] [INFO] Handling complete request: GET /js/me.js
[2025-07-21 16:56:42] [INFO] Handling complete request: GET /api/me
[2025-07-21 16:56:42] [INFO] Handling complete request: GET /favicon.ico
[2025-07-21 16:56:42] [INFO] Handling complete request: GET /me.html
[2025-07-21 16:56:42] [INFO] Handling complete request: GET /css/style.css
[2025-07-21 16:56:42] [INFO] Handling complete request: GET /js/me.js
[2025-07-21 16:56:42] [INFO] Handling complete request: GET /api/me
[2025-07-21 16:56:42] [INFO] Handling complete request: GET /favicon.ico
[2025-07-21 16:56:42] [INFO] Handling complete request: GET /me.html
[2025-07-21 16:56:42] [INFO] Handling complete request: GET /css/style.css
[2025-07-21 16:56:42] [INFO] Handling complete request: GET /js/me.js
[2025-07-21 16:56:42] [INFO] Handling complete request: GET /api/me
[2025-07-21 16:56:42] [INFO] Handling complete request: GET /favicon.ico
[2025-07-21 16:56:43] [INFO] Handling complete request: GET /me.html
[2025-07-21 16:56:43] [INFO] Handling complete request: GET /css/style.css
[2025-07-21 16:56:43] [INFO] Handling complete request: GET /js/me.js
[2025-07-21 16:56:43] [INFO] Handling complete request: GET /api/me
[2025-07-21 16:56:43] [INFO] Handling complete request: GET /favicon.ico
[2025-07-21 16:56:43] [INFO] Handling complete request: GET /me.html
[2025-07-21 16:56:43] [INFO] Handling complete request: GET /css/style.css
[2025-07-21 16:56:43] [INFO] Handling complete request: GET /js/me.js
[2025-07-21 16:56:43] [INFO] Handling complete request: GET /api/me
[2025-07-21 16:56:43] [INFO] Handling complete request: GET /favicon.ico
[2025-07-21 16:56:43] [INFO] Handling complete request: GET /me.html
[2025-07-21 16:56:43] [INFO] Handling complete request: GET /css/style.css
[2025-07-21 16:56:43] [INFO] Handling complete request: GET /js/me.js
[2025-07-21 16:56:43] [INFO] Handling complete request: GET /api/me
[2025-07-21 16:56:43] [INFO] Handling complete request: GET /favicon.ico
[2025-07-21 16:56:43] [INFO] Handling complete request: GET /me.html
[2025-07-21 16:56:43] [INFO] Handling complete request: GET /css/style.css
[2025-07-21 16:56:43] [INFO] Handling complete request: GET /js/me.js
[2025-07-21 16:56:43] [INFO] Handling complete request: GET /api/me
[2025-07-21 16:56:43] [INFO] Handling complete request: GET /favicon.ico
[2025-07-21 16:56:43] [INFO] Handling complete request: GET /me.html
[2025-07-21 16:56:43] [INFO] Handling complete request: GET /css/style.css
[2025-07-21 16:56:43] [INFO] Handling complete request: GET /js/me.js
[2025-07-21 16:56:43] [INFO] Handling complete request: GET /api/me
[2025-07-21 16:56:43] [INFO] Handling complete request: GET /favicon.ico
[2025-07-21 16:56:47] [INFO] Handling complete request: GET /search.html
[2025-07-21 16:56:47] [INFO] Handling complete request: GET /css/style.css
[2025-07-21 16:56:47] [INFO] Handling complete request: GET /favicon.ico
[2025-07-21 16:56:47] [INFO] Handling complete request: GET /search.html
[2025-07-21 16:56:47] [INFO] Handling complete request: GET /css/style.css
[2025-07-21 16:56:47] [INFO] Handling complete request: GET /favicon.ico
[2025-07-21 16:56:48] [INFO] Handling complete request: GET /search.html
[2025-07-21 16:56:48] [INFO] Handling complete request: GET /css/style.css
[2025-07-21 16:56:48] [INFO] Handling complete request: GET /favicon.ico
[2025-07-21 16:56:48] [INFO] Handling complete request: GET /search.html
[2025-07-21 16:56:48] [INFO] Handling complete request: GET /css/style.css
[2025-07-21 16:56:48] [INFO] Handling complete request: GET /favicon.ico
[2025-07-21 16:56:48] [INFO] Handling complete request: GET /search.html
[2025-07-21 16:56:48] [INFO] Handling complete request: GET /css/style.css
[2025-07-21 16:56:48] [INFO] Handling complete request: GET /favicon.ico
[2025-07-21 16:56:48] [INFO] Handling complete request: GET /search.html
[2025-07-21 16:56:48] [INFO] Handling complete request: GET /css/style.css
[2025-07-21 16:56:48] [INFO] Handling complete request: GET /favicon.ico
[2025-07-21 16:57:06] [INFO] Handling complete request: GET /api/search
[2025-07-21 16:57:08] [INFO] Handling complete request: GET /css/style.css
[2025-07-21 16:57:11] [INFO] Handling complete request: GET /api/search
[2025-07-22 10:52:08] [INFO] Server starting with configuration:
[2025-07-22 10:52:08] [INFO]   - Port: 8888
[2025-07-22 10:52:08] [INFO]   - DocumentRoot: www
[2025-07-22 10:52:08] [INFO] Server listening on port 8888...
[2025-07-22 10:52:08] [INFO] Server is running...
[2025-07-22 10:53:06] [INFO] Handling complete request: GET /
[2025-07-22 10:53:06] [INFO] Handling complete request: GET /favicon.ico
[2025-07-22 10:53:54] [INFO] Handling complete request: GET /
[2025-07-22 10:53:54] [INFO] Handling complete request: GET /css/style.css
[2025-07-22 10:53:54] [INFO] Handling complete request: GET /images/server.jpeg
[2025-07-22 10:53:54] [INFO] Handling complete request: GET /images/gopher.gif
[2025-07-22 10:53:54] [INFO] Handling complete request: GET /js/script.js
[2025-07-22 10:53:56] [INFO] Handling complete request: GET /me.html
[2025-07-22 10:53:56] [INFO] Handling complete request: GET /css/style.css
[2025-07-22 10:53:56] [INFO] Handling complete request: GET /js/me.js
[2025-07-22 10:53:56] [INFO] Handling complete request: GET /api/me
[2025-07-22 10:53:56] [INFO] JWT validation failed. Decode status: 0, Validation result: 16
[2025-07-22 10:53:56] [INFO] Handling complete request: GET /login.html
[2025-07-22 10:53:56] [INFO] Handling complete request: GET /css/style.css
[2025-07-22 10:54:00] [INFO] Handling complete request: GET /me.html
[2025-07-22 10:54:00] [INFO] Handling complete request: GET /css/style.css
[2025-07-22 10:54:00] [INFO] Handling complete request: GET /js/me.js
[2025-07-22 10:54:00] [INFO] Handling complete request: GET /login.html
[2025-07-22 10:54:00] [INFO] Handling complete request: GET /css/style.css
[2025-07-22 10:54:01] [INFO] Handling complete request: POST /api/login
[2025-07-22 10:54:01] [INFO] Login attempt: user=admin
[2025-07-22 10:54:03] [INFO] Handling complete request: GET /index.html
[2025-07-22 10:54:03] [INFO] Handling complete request: GET /css/style.css
[2025-07-22 10:54:03] [INFO] Handling complete request: GET /images/server.jpeg
[2025-07-22 10:54:03] [INFO] Handling complete request: GET /images/gopher.gif
[2025-07-22 10:54:03] [INFO] Handling complete request: GET /js/script.js
[2025-07-22 10:54:04] [INFO] Handling complete request: GET /me.html
[2025-07-22 10:54:04] [INFO] Handling complete request: GET /css/style.css
[2025-07-22 10:54:04] [INFO] Handling complete request: GET /js/me.js
[2025-07-22 10:54:04] [INFO] Handling complete request: GET /api/me
[2025-07-22 10:54:06] [INFO] Handling complete request: GET /me.html
[2025-07-22 10:54:06] [INFO] Handling complete request: GET /css/style.css
[2025-07-22 10:54:06] [INFO] Handling complete request: GET /js/me.js
[2025-07-22 10:54:06] [INFO] Handling complete request: GET /api/me
[2025-07-22 10:54:06] [INFO] Handling complete request: GET /me.html
[2025-07-22 10:54:06] [INFO] Handling complete request: GET /css/style.css
[2025-07-22 10:54:06] [INFO] Handling complete request: GET /js/me.js
[2025-07-22 10:54:06] [INFO] Handling complete request: GET /api/me
[2025-07-22 10:54:06] [INFO] Handling complete request: GET /me.html
[2025-07-22 10:54:06] [INFO] Handling complete request: GET /css/style.css
[2025-07-22 10:54:06] [INFO] Handling complete request: GET /js/me.js
[2025-07-22 10:54:06] [INFO] Handling complete request: GET /api/me
